mode: atomic
github.com/drs-protocol/drs-verify/pkg/config/config.go:35.29,39.16 3 0
github.com/drs-protocol/drs-verify/pkg/config/config.go:39.16,41.3 1 0
github.com/drs-protocol/drs-verify/pkg/config/config.go:43.2,44.16 2 0
github.com/drs-protocol/drs-verify/pkg/config/config.go:44.16,46.3 1 0
github.com/drs-protocol/drs-verify/pkg/config/config.go:48.2,49.16 2 0
github.com/drs-protocol/drs-verify/pkg/config/config.go:49.16,51.3 1 0
github.com/drs-protocol/drs-verify/pkg/config/config.go:53.2,64.8 3 0
github.com/drs-protocol/drs-verify/pkg/config/config.go:67.46,68.34 1 0
github.com/drs-protocol/drs-verify/pkg/config/config.go:68.34,70.3 1 0
github.com/drs-protocol/drs-verify/pkg/config/config.go:71.2,71.12 1 0
github.com/drs-protocol/drs-verify/pkg/config/config.go:74.50,76.13 2 0
github.com/drs-protocol/drs-verify/pkg/config/config.go:76.13,78.3 1 0
github.com/drs-protocol/drs-verify/pkg/config/config.go:79.2,80.16 2 0
github.com/drs-protocol/drs-verify/pkg/config/config.go:80.16,82.3 1 0
github.com/drs-protocol/drs-verify/pkg/config/config.go:83.2,83.15 1 0
github.com/drs-protocol/drs-verify/pkg/config/config.go:86.56,88.13 2 0
github.com/drs-protocol/drs-verify/pkg/config/config.go:88.13,90.3 1 0
github.com/drs-protocol/drs-verify/pkg/config/config.go:91.2,92.16 2 0
github.com/drs-protocol/drs-verify/pkg/config/config.go:92.16,94.3 1 0
github.com/drs-protocol/drs-verify/pkg/config/config.go:95.2,95.15 1 0
github.com/drs-protocol/drs-verify/cmd/server/main.go:25.13,27.16 2 0
github.com/drs-protocol/drs-verify/cmd/server/main.go:27.16,29.3 1 0
github.com/drs-protocol/drs-verify/cmd/server/main.go:31.2,32.16 2 0
github.com/drs-protocol/drs-verify/cmd/server/main.go:32.16,34.3 1 0
github.com/drs-protocol/drs-verify/cmd/server/main.go:36.2,37.33 2 0
github.com/drs-protocol/drs-verify/cmd/server/main.go:37.33,40.3 1 0
github.com/drs-protocol/drs-verify/cmd/server/main.go:42.2,55.73 6 0
github.com/drs-protocol/drs-verify/cmd/server/main.go:55.73,56.34 1 0
github.com/drs-protocol/drs-verify/cmd/server/main.go:56.34,59.4 2 0
github.com/drs-protocol/drs-verify/cmd/server/main.go:62.3,62.96 1 0
github.com/drs-protocol/drs-verify/cmd/server/main.go:62.96,64.18 2 0
github.com/drs-protocol/drs-verify/cmd/server/main.go:64.18,67.5 2 0
github.com/drs-protocol/drs-verify/cmd/server/main.go:68.4,69.69 2 0
github.com/drs-protocol/drs-verify/cmd/server/main.go:74.2,75.65 1 0
github.com/drs-protocol/drs-verify/cmd/server/main.go:75.65,77.4 1 0
github.com/drs-protocol/drs-verify/cmd/server/main.go:80.2,81.65 1 0
github.com/drs-protocol/drs-verify/cmd/server/main.go:81.65,83.4 1 0
github.com/drs-protocol/drs-verify/cmd/server/main.go:85.2,86.65 2 0
github.com/drs-protocol/drs-verify/cmd/server/main.go:86.65,88.3 1 0
github.com/drs-protocol/drs-verify/pkg/health/handler.go:18.66,23.2 4 2
github.com/drs-protocol/drs-verify/pkg/health/handler.go:25.55,29.2 3 1
github.com/drs-protocol/drs-verify/pkg/health/handler.go:31.64,32.54 1 2
github.com/drs-protocol/drs-verify/pkg/health/handler.go:32.54,34.36 2 1
github.com/drs-protocol/drs-verify/pkg/health/handler.go:34.36,38.4 3 1
github.com/drs-protocol/drs-verify/pkg/health/handler.go:39.3,40.111 2 0
github.com/drs-protocol/drs-verify/pkg/types/types.go:103.56,105.2 1 0
github.com/drs-protocol/drs-verify/pkg/types/types.go:108.67,113.2 1 0
github.com/drs-protocol/drs-verify/pkg/middleware/a2a.go:14.70,15.71 1 2
github.com/drs-protocol/drs-verify/pkg/middleware/a2a.go:15.71,17.25 2 2
github.com/drs-protocol/drs-verify/pkg/middleware/a2a.go:17.25,20.4 2 1
github.com/drs-protocol/drs-verify/pkg/middleware/a2a.go:22.3,23.17 2 1
github.com/drs-protocol/drs-verify/pkg/middleware/a2a.go:23.17,26.4 2 1
github.com/drs-protocol/drs-verify/pkg/middleware/a2a.go:28.3,29.20 2 0
github.com/drs-protocol/drs-verify/pkg/middleware/a2a.go:29.20,34.4 4 0
github.com/drs-protocol/drs-verify/pkg/middleware/a2a.go:37.3,38.40 2 0
github.com/drs-protocol/drs-verify/pkg/middleware/mcp.go:25.70,26.71 1 3
github.com/drs-protocol/drs-verify/pkg/middleware/mcp.go:26.71,28.25 2 3
github.com/drs-protocol/drs-verify/pkg/middleware/mcp.go:28.25,32.4 2 1
github.com/drs-protocol/drs-verify/pkg/middleware/mcp.go:34.3,35.17 2 2
github.com/drs-protocol/drs-verify/pkg/middleware/mcp.go:35.17,38.4 2 1
github.com/drs-protocol/drs-verify/pkg/middleware/mcp.go:40.3,41.20 2 1
github.com/drs-protocol/drs-verify/pkg/middleware/mcp.go:41.20,46.4 4 1
github.com/drs-protocol/drs-verify/pkg/middleware/mcp.go:48.3,49.40 2 0
github.com/drs-protocol/drs-verify/pkg/middleware/mcp.go:55.77,58.2 2 1
github.com/drs-protocol/drs-verify/pkg/middleware/mcp.go:61.98,63.2 1 0
github.com/drs-protocol/drs-verify/pkg/middleware/mcp.go:66.62,68.16 2 3
github.com/drs-protocol/drs-verify/pkg/middleware/mcp.go:68.16,70.3 1 2
github.com/drs-protocol/drs-verify/pkg/middleware/mcp.go:71.2,72.59 2 1
github.com/drs-protocol/drs-verify/pkg/middleware/mcp.go:72.59,74.3 1 0
github.com/drs-protocol/drs-verify/pkg/middleware/mcp.go:75.2,75.20 1 1
github.com/drs-protocol/drs-verify/pkg/types/types.go:103.56,105.2 1 0
github.com/drs-protocol/drs-verify/pkg/types/types.go:108.67,113.2 1 1
github.com/drs-protocol/drs-verify/pkg/operator/config.go:88.43,89.36 1 8
github.com/drs-protocol/drs-verify/pkg/operator/config.go:89.36,91.3 1 1
github.com/drs-protocol/drs-verify/pkg/operator/config.go:92.2,92.30 1 7
github.com/drs-protocol/drs-verify/pkg/operator/config.go:92.30,94.3 1 1
github.com/drs-protocol/drs-verify/pkg/operator/config.go:95.2,95.25 1 6
github.com/drs-protocol/drs-verify/pkg/operator/config.go:95.25,97.3 1 1
github.com/drs-protocol/drs-verify/pkg/operator/config.go:98.2,98.35 1 5
github.com/drs-protocol/drs-verify/pkg/operator/config.go:98.35,100.3 1 0
github.com/drs-protocol/drs-verify/pkg/operator/config.go:101.2,101.66 1 5
github.com/drs-protocol/drs-verify/pkg/operator/config.go:101.66,103.3 1 1
github.com/drs-protocol/drs-verify/pkg/operator/config.go:104.2,104.40 1 4
github.com/drs-protocol/drs-verify/pkg/operator/config.go:104.40,106.3 1 0
github.com/drs-protocol/drs-verify/pkg/operator/config.go:107.2,107.44 1 4
github.com/drs-protocol/drs-verify/pkg/operator/config.go:107.44,109.3 1 1
github.com/drs-protocol/drs-verify/pkg/operator/config.go:110.2,110.12 1 3
github.com/drs-protocol/drs-verify/pkg/operator/config.go:114.57,116.16 2 1
github.com/drs-protocol/drs-verify/pkg/operator/config.go:116.16,118.3 1 0
github.com/drs-protocol/drs-verify/pkg/operator/config.go:119.2,120.51 2 1
github.com/drs-protocol/drs-verify/pkg/operator/config.go:120.51,122.3 1 0
github.com/drs-protocol/drs-verify/pkg/operator/config.go:123.2,123.39 1 1
github.com/drs-protocol/drs-verify/pkg/operator/config.go:123.39,125.3 1 0
github.com/drs-protocol/drs-verify/pkg/operator/config.go:126.2,126.18 1 1
github.com/drs-protocol/drs-verify/pkg/operator/config.go:132.45,134.16 2 1
github.com/drs-protocol/drs-verify/pkg/operator/config.go:134.16,136.3 1 1
github.com/drs-protocol/drs-verify/pkg/operator/config.go:137.2,137.27 1 0
github.com/drs-protocol/drs-verify/pkg/types/types.go:103.56,105.2 1 0
github.com/drs-protocol/drs-verify/pkg/types/types.go:108.67,113.2 1 0
github.com/drs-protocol/drs-verify/pkg/policy/evaluate.go:15.68,17.27 1 10
github.com/drs-protocol/drs-verify/pkg/policy/evaluate.go:17.27,18.52 1 3
github.com/drs-protocol/drs-verify/pkg/policy/evaluate.go:18.52,20.11 2 2
github.com/drs-protocol/drs-verify/pkg/policy/evaluate.go:20.11,22.5 1 0
github.com/drs-protocol/drs-verify/pkg/policy/evaluate.go:23.4,23.30 1 2
github.com/drs-protocol/drs-verify/pkg/policy/evaluate.go:23.30,25.5 1 1
github.com/drs-protocol/drs-verify/pkg/policy/evaluate.go:30.2,30.45 1 9
github.com/drs-protocol/drs-verify/pkg/policy/evaluate.go:30.45,31.43 1 2
github.com/drs-protocol/drs-verify/pkg/policy/evaluate.go:31.43,32.43 1 2
github.com/drs-protocol/drs-verify/pkg/policy/evaluate.go:32.43,34.5 1 1
github.com/drs-protocol/drs-verify/pkg/policy/evaluate.go:39.2,39.49 1 8
github.com/drs-protocol/drs-verify/pkg/policy/evaluate.go:39.49,40.47 1 1
github.com/drs-protocol/drs-verify/pkg/policy/evaluate.go:40.47,41.49 1 1
github.com/drs-protocol/drs-verify/pkg/policy/evaluate.go:41.49,43.5 1 1
github.com/drs-protocol/drs-verify/pkg/policy/evaluate.go:48.2,48.31 1 7
github.com/drs-protocol/drs-verify/pkg/policy/evaluate.go:48.31,49.38 1 4
github.com/drs-protocol/drs-verify/pkg/policy/evaluate.go:49.38,51.11 2 3
github.com/drs-protocol/drs-verify/pkg/policy/evaluate.go:51.11,53.5 1 0
github.com/drs-protocol/drs-verify/pkg/policy/evaluate.go:54.4,54.44 1 3
github.com/drs-protocol/drs-verify/pkg/policy/evaluate.go:54.44,57.5 1 1
github.com/drs-protocol/drs-verify/pkg/policy/evaluate.go:62.2,62.35 1 6
github.com/drs-protocol/drs-verify/pkg/policy/evaluate.go:62.35,63.45 1 0
github.com/drs-protocol/drs-verify/pkg/policy/evaluate.go:63.45,65.11 2 0
github.com/drs-protocol/drs-verify/pkg/policy/evaluate.go:65.11,67.5 1 0
github.com/drs-protocol/drs-verify/pkg/policy/evaluate.go:68.4,68.51 1 0
github.com/drs-protocol/drs-verify/pkg/policy/evaluate.go:68.51,71.5 1 0
github.com/drs-protocol/drs-verify/pkg/policy/evaluate.go:76.2,76.37 1 6
github.com/drs-protocol/drs-verify/pkg/policy/evaluate.go:76.37,77.45 1 0
github.com/drs-protocol/drs-verify/pkg/policy/evaluate.go:77.45,79.11 2 0
github.com/drs-protocol/drs-verify/pkg/policy/evaluate.go:79.11,81.5 1 0
github.com/drs-protocol/drs-verify/pkg/policy/evaluate.go:82.4,82.52 1 0
github.com/drs-protocol/drs-verify/pkg/policy/evaluate.go:82.52,85.5 1 0
github.com/drs-protocol/drs-verify/pkg/policy/evaluate.go:89.2,89.12 1 6
github.com/drs-protocol/drs-verify/pkg/policy/evaluate.go:95.57,97.57 1 10
github.com/drs-protocol/drs-verify/pkg/policy/evaluate.go:97.57,98.45 1 4
github.com/drs-protocol/drs-verify/pkg/policy/evaluate.go:98.45,101.4 1 1
github.com/drs-protocol/drs-verify/pkg/policy/evaluate.go:105.2,105.51 1 9
github.com/drs-protocol/drs-verify/pkg/policy/evaluate.go:105.51,106.49 1 2
github.com/drs-protocol/drs-verify/pkg/policy/evaluate.go:106.49,108.4 1 1
github.com/drs-protocol/drs-verify/pkg/policy/evaluate.go:112.2,112.55 1 8
github.com/drs-protocol/drs-verify/pkg/policy/evaluate.go:112.55,113.53 1 2
github.com/drs-protocol/drs-verify/pkg/policy/evaluate.go:113.53,115.4 1 1
github.com/drs-protocol/drs-verify/pkg/policy/evaluate.go:119.2,119.53 1 7
github.com/drs-protocol/drs-verify/pkg/policy/evaluate.go:119.53,120.41 1 2
github.com/drs-protocol/drs-verify/pkg/policy/evaluate.go:120.41,123.4 1 1
github.com/drs-protocol/drs-verify/pkg/policy/evaluate.go:127.2,127.65 1 6
github.com/drs-protocol/drs-verify/pkg/policy/evaluate.go:127.65,128.40 1 3
github.com/drs-protocol/drs-verify/pkg/policy/evaluate.go:128.40,129.44 1 3
github.com/drs-protocol/drs-verify/pkg/policy/evaluate.go:129.44,130.20 1 4
github.com/drs-protocol/drs-verify/pkg/policy/evaluate.go:130.20,132.6 1 0
github.com/drs-protocol/drs-verify/pkg/policy/evaluate.go:133.5,133.45 1 4
github.com/drs-protocol/drs-verify/pkg/policy/evaluate.go:133.45,135.6 1 1
github.com/drs-protocol/drs-verify/pkg/policy/evaluate.go:141.2,141.73 1 5
github.com/drs-protocol/drs-verify/pkg/policy/evaluate.go:141.73,142.44 1 0
github.com/drs-protocol/drs-verify/pkg/policy/evaluate.go:142.44,143.47 1 0
github.com/drs-protocol/drs-verify/pkg/policy/evaluate.go:143.47,144.19 1 0
github.com/drs-protocol/drs-verify/pkg/policy/evaluate.go:144.19,146.6 1 0
github.com/drs-protocol/drs-verify/pkg/policy/evaluate.go:147.5,147.48 1 0
github.com/drs-protocol/drs-verify/pkg/policy/evaluate.go:147.48,149.6 1 0
github.com/drs-protocol/drs-verify/pkg/policy/evaluate.go:155.2,155.77 1 5
github.com/drs-protocol/drs-verify/pkg/policy/evaluate.go:155.77,156.46 1 0
github.com/drs-protocol/drs-verify/pkg/policy/evaluate.go:156.46,157.49 1 0
github.com/drs-protocol/drs-verify/pkg/policy/evaluate.go:157.49,158.64 1 0
github.com/drs-protocol/drs-verify/pkg/policy/evaluate.go:158.64,160.6 1 0
github.com/drs-protocol/drs-verify/pkg/policy/evaluate.go:165.2,165.12 1 5
github.com/drs-protocol/drs-verify/pkg/policy/evaluate.go:168.54,169.28 1 3
github.com/drs-protocol/drs-verify/pkg/policy/evaluate.go:169.28,170.28 1 3
github.com/drs-protocol/drs-verify/pkg/policy/evaluate.go:170.28,172.4 1 2
github.com/drs-protocol/drs-verify/pkg/policy/evaluate.go:174.2,174.14 1 1
github.com/drs-protocol/drs-verify/pkg/policy/evaluate.go:177.58,178.29 1 0
github.com/drs-protocol/drs-verify/pkg/policy/evaluate.go:178.29,179.27 1 0
github.com/drs-protocol/drs-verify/pkg/policy/evaluate.go:179.27,181.4 1 0
github.com/drs-protocol/drs-verify/pkg/policy/evaluate.go:183.3,183.61 1 0
github.com/drs-protocol/drs-verify/pkg/policy/evaluate.go:183.61,185.62 2 0
github.com/drs-protocol/drs-verify/pkg/policy/evaluate.go:185.62,187.5 1 0
github.com/drs-protocol/drs-verify/pkg/policy/evaluate.go:190.2,190.14 1 0
github.com/drs-protocol/drs-verify/pkg/policy/evaluate.go:193.56,194.28 1 0
github.com/drs-protocol/drs-verify/pkg/policy/evaluate.go:194.28,195.29 1 0
github.com/drs-protocol/drs-verify/pkg/policy/evaluate.go:195.29,197.4 1 0
github.com/drs-protocol/drs-verify/pkg/policy/evaluate.go:199.2,199.14 1 0
github.com/drs-protocol/drs-verify/pkg/policy/evaluate.go:202.38,203.25 1 3
github.com/drs-protocol/drs-verify/pkg/policy/evaluate.go:203.25,204.15 1 5
github.com/drs-protocol/drs-verify/pkg/policy/evaluate.go:204.15,206.4 1 0
github.com/drs-protocol/drs-verify/pkg/policy/evaluate.go:208.2,208.14 1 3
github.com/drs-protocol/drs-verify/pkg/policy/evaluate.go:211.48,212.25 1 4
github.com/drs-protocol/drs-verify/pkg/policy/evaluate.go:212.25,213.16 1 4
github.com/drs-protocol/drs-verify/pkg/policy/evaluate.go:213.16,215.4 1 3
github.com/drs-protocol/drs-verify/pkg/policy/evaluate.go:217.2,217.14 1 1
github.com/drs-protocol/drs-verify/pkg/policy/evaluate.go:220.47,221.23 1 2
github.com/drs-protocol/drs-verify/pkg/policy/evaluate.go:222.15,223.17 1 2
github.com/drs-protocol/drs-verify/pkg/policy/evaluate.go:224.15,225.26 1 0
github.com/drs-protocol/drs-verify/pkg/policy/evaluate.go:226.11,227.26 1 0
github.com/drs-protocol/drs-verify/pkg/policy/evaluate.go:228.13,229.26 1 0
github.com/drs-protocol/drs-verify/pkg/policy/evaluate.go:230.10,231.18 1 0
github.com/drs-protocol/drs-verify/pkg/types/types.go:103.56,105.2 1 0
github.com/drs-protocol/drs-verify/pkg/types/types.go:108.67,113.2 1 0
github.com/drs-protocol/drs-verify/pkg/resolver/did.go:53.63,55.16 2 3
github.com/drs-protocol/drs-verify/pkg/resolver/did.go:55.16,57.3 1 0
github.com/drs-protocol/drs-verify/pkg/resolver/did.go:58.2,62.8 1 3
github.com/drs-protocol/drs-verify/pkg/resolver/did.go:73.77,77.39 3 5
github.com/drs-protocol/drs-verify/pkg/resolver/did.go:77.39,78.38 1 2
github.com/drs-protocol/drs-verify/pkg/resolver/did.go:78.38,80.4 1 1
github.com/drs-protocol/drs-verify/pkg/resolver/did.go:82.3,82.22 1 1
github.com/drs-protocol/drs-verify/pkg/resolver/did.go:85.2,88.9 3 4
github.com/drs-protocol/drs-verify/pkg/resolver/did.go:89.44,90.32 1 3
github.com/drs-protocol/drs-verify/pkg/resolver/did.go:91.44,92.34 1 0
github.com/drs-protocol/drs-verify/pkg/resolver/did.go:93.10,95.60 2 1
github.com/drs-protocol/drs-verify/pkg/resolver/did.go:95.60,97.4 1 1
github.com/drs-protocol/drs-verify/pkg/resolver/did.go:98.3,98.89 1 1
github.com/drs-protocol/drs-verify/pkg/resolver/did.go:101.2,101.16 1 3
github.com/drs-protocol/drs-verify/pkg/resolver/did.go:101.16,103.3 1 0
github.com/drs-protocol/drs-verify/pkg/resolver/did.go:105.2,106.17 2 3
github.com/drs-protocol/drs-verify/pkg/resolver/did.go:110.69,113.43 2 7
github.com/drs-protocol/drs-verify/pkg/resolver/did.go:113.43,115.60 2 1
github.com/drs-protocol/drs-verify/pkg/resolver/did.go:115.60,117.4 1 1
github.com/drs-protocol/drs-verify/pkg/resolver/did.go:118.3,118.64 1 1
github.com/drs-protocol/drs-verify/pkg/resolver/did.go:121.2,125.16 3 6
github.com/drs-protocol/drs-verify/pkg/resolver/did.go:125.16,127.3 1 0
github.com/drs-protocol/drs-verify/pkg/resolver/did.go:129.2,129.32 1 6
github.com/drs-protocol/drs-verify/pkg/resolver/did.go:129.32,131.3 1 1
github.com/drs-protocol/drs-verify/pkg/resolver/did.go:135.2,135.100 1 5
github.com/drs-protocol/drs-verify/pkg/resolver/did.go:135.100,137.3 1 1
github.com/drs-protocol/drs-verify/pkg/resolver/did.go:139.2,141.17 3 4
github.com/drs-protocol/drs-verify/pkg/resolver/did.go:152.83,156.16 3 0
github.com/drs-protocol/drs-verify/pkg/resolver/did.go:156.16,158.3 1 0
github.com/drs-protocol/drs-verify/pkg/resolver/did.go:160.2,161.16 2 0
github.com/drs-protocol/drs-verify/pkg/resolver/did.go:161.16,163.3 1 0
github.com/drs-protocol/drs-verify/pkg/resolver/did.go:164.2,166.38 2 0
github.com/drs-protocol/drs-verify/pkg/resolver/did.go:166.38,168.3 1 0
github.com/drs-protocol/drs-verify/pkg/resolver/did.go:170.2,171.16 2 0
github.com/drs-protocol/drs-verify/pkg/resolver/did.go:171.16,173.3 1 0
github.com/drs-protocol/drs-verify/pkg/resolver/did.go:175.2,175.44 1 0
github.com/drs-protocol/drs-verify/pkg/resolver/did.go:179.52,185.18 4 4
github.com/drs-protocol/drs-verify/pkg/resolver/did.go:185.18,188.3 2 3
github.com/drs-protocol/drs-verify/pkg/resolver/did.go:188.8,191.3 2 1
github.com/drs-protocol/drs-verify/pkg/resolver/did.go:194.2,195.16 2 4
github.com/drs-protocol/drs-verify/pkg/resolver/did.go:195.16,197.3 1 0
github.com/drs-protocol/drs-verify/pkg/resolver/did.go:199.2,199.18 1 4
github.com/drs-protocol/drs-verify/pkg/resolver/did.go:199.18,201.3 1 1
github.com/drs-protocol/drs-verify/pkg/resolver/did.go:203.2,203.20 1 3
github.com/drs-protocol/drs-verify/pkg/resolver/did.go:203.20,205.3 1 2
github.com/drs-protocol/drs-verify/pkg/resolver/did.go:207.2,208.65 2 1
github.com/drs-protocol/drs-verify/pkg/resolver/did.go:236.90,239.55 3 4
github.com/drs-protocol/drs-verify/pkg/resolver/did.go:239.55,241.3 1 0
github.com/drs-protocol/drs-verify/pkg/resolver/did.go:243.2,243.44 1 4
github.com/drs-protocol/drs-verify/pkg/resolver/did.go:243.44,245.83 1 3
github.com/drs-protocol/drs-verify/pkg/resolver/did.go:245.83,247.18 2 2
github.com/drs-protocol/drs-verify/pkg/resolver/did.go:247.18,248.13 1 0
github.com/drs-protocol/drs-verify/pkg/resolver/did.go:250.4,250.34 1 2
github.com/drs-protocol/drs-verify/pkg/resolver/did.go:250.34,251.13 1 0
github.com/drs-protocol/drs-verify/pkg/resolver/did.go:254.4,254.102 1 2
github.com/drs-protocol/drs-verify/pkg/resolver/did.go:254.102,255.13 1 1
github.com/drs-protocol/drs-verify/pkg/resolver/did.go:257.4,259.19 3 1
github.com/drs-protocol/drs-verify/pkg/resolver/did.go:263.3,266.28 1 1
github.com/drs-protocol/drs-verify/pkg/resolver/did.go:266.28,268.60 2 1
github.com/drs-protocol/drs-verify/pkg/resolver/did.go:268.60,269.13 1 0
github.com/drs-protocol/drs-verify/pkg/resolver/did.go:271.4,273.19 3 1
github.com/drs-protocol/drs-verify/pkg/resolver/did.go:277.2,277.85 1 2
github.com/drs-protocol/drs-verify/pkg/resolver/did.go:282.45,287.24 3 8
github.com/drs-protocol/drs-verify/pkg/resolver/did.go:287.24,289.3 1 2048
github.com/drs-protocol/drs-verify/pkg/resolver/did.go:290.2,290.29 1 8
github.com/drs-protocol/drs-verify/pkg/resolver/did.go:290.29,292.3 1 464
github.com/drs-protocol/drs-verify/pkg/resolver/did.go:295.2,296.22 2 8
github.com/drs-protocol/drs-verify/pkg/resolver/did.go:296.22,298.16 2 334
github.com/drs-protocol/drs-verify/pkg/resolver/did.go:298.16,300.4 1 0
github.com/drs-protocol/drs-verify/pkg/resolver/did.go:301.3,301.41 1 334
github.com/drs-protocol/drs-verify/pkg/resolver/did.go:301.41,305.4 3 5546
github.com/drs-protocol/drs-verify/pkg/resolver/did.go:306.3,306.17 1 334
github.com/drs-protocol/drs-verify/pkg/resolver/did.go:306.17,309.4 2 243
github.com/drs-protocol/drs-verify/pkg/resolver/did.go:313.2,313.22 1 8
github.com/drs-protocol/drs-verify/pkg/resolver/did.go:313.22,314.15 1 8
github.com/drs-protocol/drs-verify/pkg/resolver/did.go:314.15,315.9 1 8
github.com/drs-protocol/drs-verify/pkg/resolver/did.go:317.3,317.40 1 0
github.com/drs-protocol/drs-verify/pkg/resolver/did.go:320.2,320.20 1 8
github.com/drs-protocol/drs-verify/pkg/store/filesystem.go:34.86,35.14 1 3
github.com/drs-protocol/drs-verify/pkg/store/filesystem.go:35.14,37.3 1 0
github.com/drs-protocol/drs-verify/pkg/store/filesystem.go:38.2,38.60 1 3
github.com/drs-protocol/drs-verify/pkg/store/filesystem.go:38.60,40.3 1 0
github.com/drs-protocol/drs-verify/pkg/store/filesystem.go:41.2,41.58 1 3
github.com/drs-protocol/drs-verify/pkg/store/filesystem.go:45.62,47.71 2 3
github.com/drs-protocol/drs-verify/pkg/store/filesystem.go:47.71,49.3 1 0
github.com/drs-protocol/drs-verify/pkg/store/filesystem.go:50.2,50.72 1 3
github.com/drs-protocol/drs-verify/pkg/store/filesystem.go:50.72,52.3 1 0
github.com/drs-protocol/drs-verify/pkg/store/filesystem.go:53.2,53.12 1 3
github.com/drs-protocol/drs-verify/pkg/store/filesystem.go:58.60,62.16 3 5
github.com/drs-protocol/drs-verify/pkg/store/filesystem.go:62.16,63.37 1 2
github.com/drs-protocol/drs-verify/pkg/store/filesystem.go:63.37,65.4 1 2
github.com/drs-protocol/drs-verify/pkg/store/filesystem.go:66.3,66.48 1 0
github.com/drs-protocol/drs-verify/pkg/store/filesystem.go:70.2,70.40 1 3
github.com/drs-protocol/drs-verify/pkg/store/filesystem.go:70.40,73.3 2 1
github.com/drs-protocol/drs-verify/pkg/store/filesystem.go:75.2,76.16 2 2
github.com/drs-protocol/drs-verify/pkg/store/filesystem.go:76.16,78.3 1 0
github.com/drs-protocol/drs-verify/pkg/store/filesystem.go:79.2,79.26 1 2
github.com/drs-protocol/drs-verify/pkg/store/filesystem.go:83.53,85.75 2 2
github.com/drs-protocol/drs-verify/pkg/store/filesystem.go:85.75,87.3 1 0
github.com/drs-protocol/drs-verify/pkg/store/filesystem.go:88.2,88.12 1 2
github.com/drs-protocol/drs-verify/pkg/store/filesystem.go:93.56,95.19 2 10
github.com/drs-protocol/drs-verify/pkg/store/filesystem.go:95.19,98.3 1 0
github.com/drs-protocol/drs-verify/pkg/store/filesystem.go:99.2,100.54 2 10
github.com/drs-protocol/drs-verify/pkg/store/memory.go:21.59,22.21 1 2
github.com/drs-protocol/drs-verify/pkg/store/memory.go:22.21,24.3 1 0
github.com/drs-protocol/drs-verify/pkg/store/memory.go:25.2,26.16 2 2
github.com/drs-protocol/drs-verify/pkg/store/memory.go:26.16,28.3 1 0
github.com/drs-protocol/drs-verify/pkg/store/memory.go:29.2,29.36 1 2
github.com/drs-protocol/drs-verify/pkg/store/memory.go:33.58,38.2 4 5
github.com/drs-protocol/drs-verify/pkg/store/memory.go:41.56,45.9 4 7
github.com/drs-protocol/drs-verify/pkg/store/memory.go:45.9,47.3 1 3
github.com/drs-protocol/drs-verify/pkg/store/memory.go:48.2,48.15 1 4
github.com/drs-protocol/drs-verify/pkg/store/memory.go:52.49,57.2 4 2
github.com/drs-protocol/drs-verify/pkg/revocation/status.go:31.58,37.2 1 4
github.com/drs-protocol/drs-verify/pkg/revocation/status.go:42.71,46.19 2 6
github.com/drs-protocol/drs-verify/pkg/revocation/status.go:46.19,48.3 1 4
github.com/drs-protocol/drs-verify/pkg/revocation/status.go:49.2,49.20 1 6
github.com/drs-protocol/drs-verify/pkg/revocation/status.go:49.20,51.3 1 0
github.com/drs-protocol/drs-verify/pkg/revocation/status.go:54.2,58.13 4 6
github.com/drs-protocol/drs-verify/pkg/revocation/status.go:58.13,59.37 1 2
github.com/drs-protocol/drs-verify/pkg/revocation/status.go:59.37,63.4 1 0
github.com/drs-protocol/drs-verify/pkg/revocation/status.go:66.2,69.50 3 6
github.com/drs-protocol/drs-verify/pkg/revocation/status.go:74.36,78.2 3 1
github.com/drs-protocol/drs-verify/pkg/revocation/status.go:81.39,82.21 1 6
github.com/drs-protocol/drs-verify/pkg/revocation/status.go:82.21,89.3 5 1
github.com/drs-protocol/drs-verify/pkg/revocation/status.go:91.2,92.16 2 5
github.com/drs-protocol/drs-verify/pkg/revocation/status.go:92.16,94.3 1 0
github.com/drs-protocol/drs-verify/pkg/revocation/status.go:95.2,97.38 2 5
github.com/drs-protocol/drs-verify/pkg/revocation/status.go:97.38,99.3 1 0
github.com/drs-protocol/drs-verify/pkg/revocation/status.go:102.2,104.6 3 5
github.com/drs-protocol/drs-verify/pkg/revocation/status.go:104.6,106.12 2 5
github.com/drs-protocol/drs-verify/pkg/revocation/status.go:106.12,108.4 1 5
github.com/drs-protocol/drs-verify/pkg/revocation/status.go:109.3,109.21 1 5
github.com/drs-protocol/drs-verify/pkg/revocation/status.go:109.21,110.9 1 5
github.com/drs-protocol/drs-verify/pkg/revocation/status.go:114.2,119.12 5 5
github.com/drs-protocol/drs-verify/pkg/revocation/status.go:123.50,126.41 3 31
github.com/drs-protocol/drs-verify/pkg/revocation/status.go:126.41,128.3 1 2
github.com/drs-protocol/drs-verify/pkg/revocation/status.go:129.2,129.52 1 29
github.com/drs-protocol/drs-verify/pkg/types/types.go:103.56,105.2 1 2
github.com/drs-protocol/drs-verify/pkg/types/types.go:108.67,113.2 1 5
github.com/drs-protocol/drs-verify/pkg/verify/chain.go:42.74,45.31 1 7
github.com/drs-protocol/drs-verify/pkg/verify/chain.go:45.31,49.3 1 1
github.com/drs-protocol/drs-verify/pkg/verify/chain.go:50.2,50.29 1 6
github.com/drs-protocol/drs-verify/pkg/verify/chain.go:50.29,54.3 1 1
github.com/drs-protocol/drs-verify/pkg/verify/chain.go:58.2,59.38 2 5
github.com/drs-protocol/drs-verify/pkg/verify/chain.go:59.38,61.52 2 7
github.com/drs-protocol/drs-verify/pkg/verify/chain.go:61.52,65.4 1 0
github.com/drs-protocol/drs-verify/pkg/verify/chain.go:66.3,66.34 1 7
github.com/drs-protocol/drs-verify/pkg/verify/chain.go:71.2,72.73 2 5
github.com/drs-protocol/drs-verify/pkg/verify/chain.go:72.73,76.3 1 0
github.com/drs-protocol/drs-verify/pkg/verify/chain.go:81.2,81.29 1 5
github.com/drs-protocol/drs-verify/pkg/verify/chain.go:81.29,82.34 1 7
github.com/drs-protocol/drs-verify/pkg/verify/chain.go:82.34,86.4 1 0
github.com/drs-protocol/drs-verify/pkg/verify/chain.go:87.3,87.35 1 7
github.com/drs-protocol/drs-verify/pkg/verify/chain.go:87.35,91.4 1 0
github.com/drs-protocol/drs-verify/pkg/verify/chain.go:93.2,93.43 1 5
github.com/drs-protocol/drs-verify/pkg/verify/chain.go:93.43,97.3 1 0
github.com/drs-protocol/drs-verify/pkg/verify/chain.go:98.2,98.43 1 5
github.com/drs-protocol/drs-verify/pkg/verify/chain.go:98.43,102.3 1 0
github.com/drs-protocol/drs-verify/pkg/verify/chain.go:105.2,105.29 1 5
github.com/drs-protocol/drs-verify/pkg/verify/chain.go:105.29,106.39 1 7
github.com/drs-protocol/drs-verify/pkg/verify/chain.go:106.39,110.4 1 0
github.com/drs-protocol/drs-verify/pkg/verify/chain.go:112.2,112.48 1 5
github.com/drs-protocol/drs-verify/pkg/verify/chain.go:112.48,116.3 1 0
github.com/drs-protocol/drs-verify/pkg/verify/chain.go:119.2,119.35 1 5
github.com/drs-protocol/drs-verify/pkg/verify/chain.go:119.35,123.3 1 0
github.com/drs-protocol/drs-verify/pkg/verify/chain.go:124.2,124.108 1 5
github.com/drs-protocol/drs-verify/pkg/verify/chain.go:124.108,128.3 1 0
github.com/drs-protocol/drs-verify/pkg/verify/chain.go:131.2,131.44 1 5
github.com/drs-protocol/drs-verify/pkg/verify/chain.go:131.44,133.36 2 2
github.com/drs-protocol/drs-verify/pkg/verify/chain.go:133.36,137.4 1 0
github.com/drs-protocol/drs-verify/pkg/verify/chain.go:138.3,138.42 1 2
github.com/drs-protocol/drs-verify/pkg/verify/chain.go:138.42,142.4 1 1
github.com/drs-protocol/drs-verify/pkg/verify/chain.go:146.2,146.37 1 4
github.com/drs-protocol/drs-verify/pkg/verify/chain.go:146.37,147.43 1 1
github.com/drs-protocol/drs-verify/pkg/verify/chain.go:147.43,151.4 1 0
github.com/drs-protocol/drs-verify/pkg/verify/chain.go:155.2,156.32 2 4
github.com/drs-protocol/drs-verify/pkg/verify/chain.go:156.32,160.3 1 0
github.com/drs-protocol/drs-verify/pkg/verify/chain.go:163.2,163.53 1 4
github.com/drs-protocol/drs-verify/pkg/verify/chain.go:163.53,168.3 1 0
github.com/drs-protocol/drs-verify/pkg/verify/chain.go:169.2,169.38 1 4
github.com/drs-protocol/drs-verify/pkg/verify/chain.go:169.38,171.40 2 5
github.com/drs-protocol/drs-verify/pkg/verify/chain.go:171.40,175.4 1 0
github.com/drs-protocol/drs-verify/pkg/verify/chain.go:180.2,180.38 1 4
github.com/drs-protocol/drs-verify/pkg/verify/chain.go:180.38,181.81 1 5
github.com/drs-protocol/drs-verify/pkg/verify/chain.go:181.81,186.4 2 1
github.com/drs-protocol/drs-verify/pkg/verify/chain.go:188.2,188.93 1 3
github.com/drs-protocol/drs-verify/pkg/verify/chain.go:188.93,190.34 2 0
github.com/drs-protocol/drs-verify/pkg/verify/chain.go:190.34,192.4 1 0
github.com/drs-protocol/drs-verify/pkg/verify/chain.go:193.3,195.15 1 0
github.com/drs-protocol/drs-verify/pkg/verify/chain.go:201.2,202.37 2 3
github.com/drs-protocol/drs-verify/pkg/verify/chain.go:202.37,203.46 1 1
github.com/drs-protocol/drs-verify/pkg/verify/chain.go:203.46,207.4 1 0
github.com/drs-protocol/drs-verify/pkg/verify/chain.go:209.2,209.44 1 3
github.com/drs-protocol/drs-verify/pkg/verify/chain.go:209.44,213.3 1 0
github.com/drs-protocol/drs-verify/pkg/verify/chain.go:216.2,217.37 2 3
github.com/drs-protocol/drs-verify/pkg/verify/chain.go:217.37,218.33 1 1
github.com/drs-protocol/drs-verify/pkg/verify/chain.go:218.33,222.4 1 0
github.com/drs-protocol/drs-verify/pkg/verify/chain.go:226.2,226.37 1 3
github.com/drs-protocol/drs-verify/pkg/verify/chain.go:226.37,227.91 1 1
github.com/drs-protocol/drs-verify/pkg/verify/chain.go:227.91,231.4 1 0
github.com/drs-protocol/drs-verify/pkg/verify/chain.go:233.3,233.42 1 1
github.com/drs-protocol/drs-verify/pkg/verify/chain.go:233.42,238.4 1 0
github.com/drs-protocol/drs-verify/pkg/verify/chain.go:240.3,240.57 1 1
github.com/drs-protocol/drs-verify/pkg/verify/chain.go:240.57,241.45 1 1
github.com/drs-protocol/drs-verify/pkg/verify/chain.go:241.45,246.5 1 0
github.com/drs-protocol/drs-verify/pkg/verify/chain.go:251.2,251.29 1 3
github.com/drs-protocol/drs-verify/pkg/verify/chain.go:251.29,252.68 1 4
github.com/drs-protocol/drs-verify/pkg/verify/chain.go:252.68,256.4 1 0
github.com/drs-protocol/drs-verify/pkg/verify/chain.go:261.2,262.29 2 3
github.com/drs-protocol/drs-verify/pkg/verify/chain.go:262.29,263.18 1 4
github.com/drs-protocol/drs-verify/pkg/verify/chain.go:263.18,267.4 1 0
github.com/drs-protocol/drs-verify/pkg/verify/chain.go:269.3,269.35 1 4
github.com/drs-protocol/drs-verify/pkg/verify/chain.go:269.35,273.4 1 1
github.com/drs-protocol/drs-verify/pkg/verify/chain.go:278.2,278.28 1 2
github.com/drs-protocol/drs-verify/pkg/verify/chain.go:278.28,279.30 1 0
github.com/drs-protocol/drs-verify/pkg/verify/chain.go:279.30,280.35 1 0
github.com/drs-protocol/drs-verify/pkg/verify/chain.go:280.35,282.19 2 0
github.com/drs-protocol/drs-verify/pkg/verify/chain.go:282.19,286.6 1 0
github.com/drs-protocol/drs-verify/pkg/verify/chain.go:287.5,287.16 1 0
github.com/drs-protocol/drs-verify/pkg/verify/chain.go:287.16,291.6 1 0
github.com/drs-protocol/drs-verify/pkg/verify/chain.go:298.2,300.28 3 2
github.com/drs-protocol/drs-verify/pkg/verify/chain.go:300.28,303.3 2 0
github.com/drs-protocol/drs-verify/pkg/verify/chain.go:305.2,313.4 1 2
github.com/drs-protocol/drs-verify/pkg/verify/chain.go:317.42,320.2 2 14
github.com/drs-protocol/drs-verify/pkg/verify/chain.go:323.58,325.21 2 12
github.com/drs-protocol/drs-verify/pkg/verify/chain.go:325.21,327.3 1 0
github.com/drs-protocol/drs-verify/pkg/verify/chain.go:328.2,329.16 2 12
github.com/drs-protocol/drs-verify/pkg/verify/chain.go:329.16,331.3 1 0
github.com/drs-protocol/drs-verify/pkg/verify/chain.go:332.2,332.58 1 12
github.com/drs-protocol/drs-verify/pkg/verify/chain.go:332.58,334.3 1 0
github.com/drs-protocol/drs-verify/pkg/verify/chain.go:335.2,335.12 1 12
github.com/drs-protocol/drs-verify/pkg/verify/chain.go:340.85,342.16 2 8
github.com/drs-protocol/drs-verify/pkg/verify/chain.go:342.16,344.3 1 0
github.com/drs-protocol/drs-verify/pkg/verify/chain.go:346.2,347.21 2 8
github.com/drs-protocol/drs-verify/pkg/verify/chain.go:347.21,349.3 1 0
github.com/drs-protocol/drs-verify/pkg/verify/chain.go:351.2,353.16 3 8
github.com/drs-protocol/drs-verify/pkg/verify/chain.go:353.16,355.3 1 0
github.com/drs-protocol/drs-verify/pkg/verify/chain.go:357.2,358.61 2 8
github.com/drs-protocol/drs-verify/pkg/verify/chain.go:358.61,360.3 1 1
github.com/drs-protocol/drs-verify/pkg/verify/chain.go:361.2,361.12 1 7
github.com/drs-protocol/drs-verify/pkg/verify/chain.go:366.66,372.49 2 1
github.com/drs-protocol/drs-verify/pkg/verify/chain.go:372.49,375.3 1 0
github.com/drs-protocol/drs-verify/pkg/verify/chain.go:376.2,377.73 1 1
github.com/drs-protocol/drs-verify/pkg/verify/chain.go:381.45,382.20 1 8
github.com/drs-protocol/drs-verify/pkg/verify/chain.go:382.20,384.3 1 5
github.com/drs-protocol/drs-verify/pkg/verify/chain.go:385.2,385.37 1 3
github.com/drs-protocol/drs-verify/pkg/verify/chain.go:385.37,388.3 2 2
github.com/drs-protocol/drs-verify/pkg/verify/chain.go:389.2,389.14 1 1
