mode: atomic
github.com/drs-protocol/drs-verify/cmd/server/main.go:28.13,30.16 2 0
github.com/drs-protocol/drs-verify/cmd/server/main.go:30.16,32.3 1 0
github.com/drs-protocol/drs-verify/cmd/server/main.go:34.2,35.16 2 0
github.com/drs-protocol/drs-verify/cmd/server/main.go:35.16,37.3 1 0
github.com/drs-protocol/drs-verify/cmd/server/main.go:39.2,40.33 2 0
github.com/drs-protocol/drs-verify/cmd/server/main.go:40.33,43.3 1 0
github.com/drs-protocol/drs-verify/cmd/server/main.go:45.2,48.24 3 0
github.com/drs-protocol/drs-verify/cmd/server/main.go:48.24,50.17 2 0
github.com/drs-protocol/drs-verify/cmd/server/main.go:50.17,52.4 1 0
github.com/drs-protocol/drs-verify/cmd/server/main.go:53.3,53.23 1 0
github.com/drs-protocol/drs-verify/cmd/server/main.go:53.23,56.4 2 0
github.com/drs-protocol/drs-verify/cmd/server/main.go:56.9,59.4 2 0
github.com/drs-protocol/drs-verify/cmd/server/main.go:60.8,62.17 2 0
github.com/drs-protocol/drs-verify/cmd/server/main.go:62.17,64.4 1 0
github.com/drs-protocol/drs-verify/cmd/server/main.go:65.3,66.74 2 0
github.com/drs-protocol/drs-verify/cmd/server/main.go:69.2,85.73 6 0
github.com/drs-protocol/drs-verify/cmd/server/main.go:85.73,86.34 1 0
github.com/drs-protocol/drs-verify/cmd/server/main.go:86.34,89.4 2 0
github.com/drs-protocol/drs-verify/cmd/server/main.go:91.3,94.65 3 0
github.com/drs-protocol/drs-verify/cmd/server/main.go:94.65,97.99 3 0
github.com/drs-protocol/drs-verify/cmd/server/main.go:97.99,99.5 1 0
github.com/drs-protocol/drs-verify/cmd/server/main.go:100.4,100.10 1 0
github.com/drs-protocol/drs-verify/cmd/server/main.go:103.3,106.59 3 0
github.com/drs-protocol/drs-verify/cmd/server/main.go:106.59,108.4 1 0
github.com/drs-protocol/drs-verify/cmd/server/main.go:113.2,117.65 2 0
github.com/drs-protocol/drs-verify/cmd/server/main.go:117.65,119.4 1 0
github.com/drs-protocol/drs-verify/cmd/server/main.go:122.2,123.65 1 0
github.com/drs-protocol/drs-verify/cmd/server/main.go:123.65,125.4 1 0
github.com/drs-protocol/drs-verify/cmd/server/main.go:127.2,128.65 2 0
github.com/drs-protocol/drs-verify/cmd/server/main.go:128.65,130.3 1 0
github.com/drs-protocol/drs-verify/pkg/config/config.go:55.29,59.16 3 0
github.com/drs-protocol/drs-verify/pkg/config/config.go:59.16,61.3 1 0
github.com/drs-protocol/drs-verify/pkg/config/config.go:63.2,64.16 2 0
github.com/drs-protocol/drs-verify/pkg/config/config.go:64.16,66.3 1 0
github.com/drs-protocol/drs-verify/pkg/config/config.go:68.2,69.16 2 0
github.com/drs-protocol/drs-verify/pkg/config/config.go:69.16,71.3 1 0
github.com/drs-protocol/drs-verify/pkg/config/config.go:73.2,76.16 3 0
github.com/drs-protocol/drs-verify/pkg/config/config.go:76.16,78.3 1 0
github.com/drs-protocol/drs-verify/pkg/config/config.go:80.2,96.8 5 0
github.com/drs-protocol/drs-verify/pkg/config/config.go:99.46,100.34 1 0
github.com/drs-protocol/drs-verify/pkg/config/config.go:100.34,102.3 1 0
github.com/drs-protocol/drs-verify/pkg/config/config.go:103.2,103.12 1 0
github.com/drs-protocol/drs-verify/pkg/config/config.go:106.50,108.13 2 0
github.com/drs-protocol/drs-verify/pkg/config/config.go:108.13,110.3 1 0
github.com/drs-protocol/drs-verify/pkg/config/config.go:111.2,112.16 2 0
github.com/drs-protocol/drs-verify/pkg/config/config.go:112.16,114.3 1 0
github.com/drs-protocol/drs-verify/pkg/config/config.go:115.2,115.15 1 0
github.com/drs-protocol/drs-verify/pkg/config/config.go:118.56,120.13 2 0
github.com/drs-protocol/drs-verify/pkg/config/config.go:120.13,122.3 1 0
github.com/drs-protocol/drs-verify/pkg/config/config.go:123.2,124.16 2 0
github.com/drs-protocol/drs-verify/pkg/config/config.go:124.16,126.3 1 0
github.com/drs-protocol/drs-verify/pkg/config/config.go:127.2,127.15 1 0
github.com/drs-protocol/drs-verify/pkg/health/handler.go:18.66,23.2 4 2
github.com/drs-protocol/drs-verify/pkg/health/handler.go:25.55,29.2 3 1
github.com/drs-protocol/drs-verify/pkg/health/handler.go:31.64,32.54 1 2
github.com/drs-protocol/drs-verify/pkg/health/handler.go:32.54,34.36 2 1
github.com/drs-protocol/drs-verify/pkg/health/handler.go:34.36,38.4 3 1
github.com/drs-protocol/drs-verify/pkg/health/handler.go:39.3,40.111 2 0
github.com/drs-protocol/drs-verify/pkg/anchor/rfc3161.go:52.47,57.2 1 8
github.com/drs-protocol/drs-verify/pkg/anchor/rfc3161.go:61.70,63.16 2 7
github.com/drs-protocol/drs-verify/pkg/anchor/rfc3161.go:63.16,65.3 1 0
github.com/drs-protocol/drs-verify/pkg/anchor/rfc3161.go:67.2,68.16 2 7
github.com/drs-protocol/drs-verify/pkg/anchor/rfc3161.go:68.16,70.3 1 0
github.com/drs-protocol/drs-verify/pkg/anchor/rfc3161.go:71.2,73.38 2 7
github.com/drs-protocol/drs-verify/pkg/anchor/rfc3161.go:73.38,75.3 1 2
github.com/drs-protocol/drs-verify/pkg/anchor/rfc3161.go:77.2,78.34 2 5
github.com/drs-protocol/drs-verify/pkg/anchor/rfc3161.go:78.34,80.3 1 1
github.com/drs-protocol/drs-verify/pkg/anchor/rfc3161.go:82.2,83.16 2 4
github.com/drs-protocol/drs-verify/pkg/anchor/rfc3161.go:83.16,85.3 1 0
github.com/drs-protocol/drs-verify/pkg/anchor/rfc3161.go:86.2,86.44 1 4
github.com/drs-protocol/drs-verify/pkg/anchor/rfc3161.go:86.44,88.3 1 1
github.com/drs-protocol/drs-verify/pkg/anchor/rfc3161.go:90.2,90.24 1 3
github.com/drs-protocol/drs-verify/pkg/anchor/rfc3161.go:94.57,107.16 3 7
github.com/drs-protocol/drs-verify/pkg/anchor/rfc3161.go:107.16,109.3 1 0
github.com/drs-protocol/drs-verify/pkg/anchor/rfc3161.go:110.2,110.17 1 7
github.com/drs-protocol/drs-verify/pkg/anchor/rfc3161.go:114.70,116.16 2 7
github.com/drs-protocol/drs-verify/pkg/anchor/rfc3161.go:116.16,118.3 1 0
github.com/drs-protocol/drs-verify/pkg/anchor/rfc3161.go:119.2,123.16 4 7
github.com/drs-protocol/drs-verify/pkg/anchor/rfc3161.go:123.16,125.3 1 0
github.com/drs-protocol/drs-verify/pkg/anchor/rfc3161.go:126.2,126.18 1 7
github.com/drs-protocol/drs-verify/pkg/anchor/tier3store.go:23.67,25.2 1 4
github.com/drs-protocol/drs-verify/pkg/anchor/tier3store.go:32.57,33.47 1 3
github.com/drs-protocol/drs-verify/pkg/anchor/tier3store.go:33.47,35.3 1 0
github.com/drs-protocol/drs-verify/pkg/anchor/tier3store.go:37.2,39.16 3 3
github.com/drs-protocol/drs-verify/pkg/anchor/tier3store.go:39.16,42.3 2 1
github.com/drs-protocol/drs-verify/pkg/anchor/tier3store.go:44.2,45.61 2 2
github.com/drs-protocol/drs-verify/pkg/anchor/tier3store.go:45.61,47.3 1 0
github.com/drs-protocol/drs-verify/pkg/anchor/tier3store.go:48.2,48.12 1 2
github.com/drs-protocol/drs-verify/pkg/anchor/tier3store.go:52.55,54.2 1 2
github.com/drs-protocol/drs-verify/pkg/anchor/tier3store.go:59.48,60.45 1 1
github.com/drs-protocol/drs-verify/pkg/anchor/tier3store.go:60.45,62.3 1 0
github.com/drs-protocol/drs-verify/pkg/anchor/tier3store.go:64.2,65.49 2 1
github.com/drs-protocol/drs-verify/pkg/anchor/tier3store.go:65.49,67.3 1 0
github.com/drs-protocol/drs-verify/pkg/anchor/tier3store.go:68.2,68.12 1 1
github.com/drs-protocol/drs-verify/pkg/types/types.go:103.56,105.2 1 0
github.com/drs-protocol/drs-verify/pkg/types/types.go:108.67,113.2 1 0
github.com/drs-protocol/drs-verify/pkg/operator/config.go:88.43,89.36 1 8
github.com/drs-protocol/drs-verify/pkg/operator/config.go:89.36,91.3 1 1
github.com/drs-protocol/drs-verify/pkg/operator/config.go:92.2,92.30 1 7
github.com/drs-protocol/drs-verify/pkg/operator/config.go:92.30,94.3 1 1
github.com/drs-protocol/drs-verify/pkg/operator/config.go:95.2,95.25 1 6
github.com/drs-protocol/drs-verify/pkg/operator/config.go:95.25,97.3 1 1
github.com/drs-protocol/drs-verify/pkg/operator/config.go:98.2,98.35 1 5
github.com/drs-protocol/drs-verify/pkg/operator/config.go:98.35,100.3 1 0
github.com/drs-protocol/drs-verify/pkg/operator/config.go:101.2,101.66 1 5
github.com/drs-protocol/drs-verify/pkg/operator/config.go:101.66,103.3 1 1
github.com/drs-protocol/drs-verify/pkg/operator/config.go:104.2,104.40 1 4
github.com/drs-protocol/drs-verify/pkg/operator/config.go:104.40,106.3 1 0
github.com/drs-protocol/drs-verify/pkg/operator/config.go:107.2,107.44 1 4
github.com/drs-protocol/drs-verify/pkg/operator/config.go:107.44,109.3 1 1
github.com/drs-protocol/drs-verify/pkg/operator/config.go:110.2,110.12 1 3
github.com/drs-protocol/drs-verify/pkg/operator/config.go:114.57,116.16 2 1
github.com/drs-protocol/drs-verify/pkg/operator/config.go:116.16,118.3 1 0
github.com/drs-protocol/drs-verify/pkg/operator/config.go:119.2,120.51 2 1
github.com/drs-protocol/drs-verify/pkg/operator/config.go:120.51,122.3 1 0
github.com/drs-protocol/drs-verify/pkg/operator/config.go:123.2,123.39 1 1
github.com/drs-protocol/drs-verify/pkg/operator/config.go:123.39,125.3 1 0
github.com/drs-protocol/drs-verify/pkg/operator/config.go:126.2,126.18 1 1
github.com/drs-protocol/drs-verify/pkg/operator/config.go:132.45,134.16 2 1
github.com/drs-protocol/drs-verify/pkg/operator/config.go:134.16,136.3 1 1
github.com/drs-protocol/drs-verify/pkg/operator/config.go:137.2,137.27 1 0
github.com/drs-protocol/drs-verify/pkg/types/types.go:103.56,105.2 1 0
github.com/drs-protocol/drs-verify/pkg/types/types.go:108.67,113.2 1 0
github.com/drs-protocol/drs-verify/pkg/policy/evaluate.go:15.68,17.27 1 10
github.com/drs-protocol/drs-verify/pkg/policy/evaluate.go:17.27,18.52 1 3
github.com/drs-protocol/drs-verify/pkg/policy/evaluate.go:18.52,20.11 2 2
github.com/drs-protocol/drs-verify/pkg/policy/evaluate.go:20.11,22.5 1 0
github.com/drs-protocol/drs-verify/pkg/policy/evaluate.go:23.4,23.30 1 2
github.com/drs-protocol/drs-verify/pkg/policy/evaluate.go:23.30,25.5 1 1
github.com/drs-protocol/drs-verify/pkg/policy/evaluate.go:30.2,30.45 1 9
github.com/drs-protocol/drs-verify/pkg/policy/evaluate.go:30.45,31.43 1 2
github.com/drs-protocol/drs-verify/pkg/policy/evaluate.go:31.43,32.43 1 2
github.com/drs-protocol/drs-verify/pkg/policy/evaluate.go:32.43,34.5 1 1
github.com/drs-protocol/drs-verify/pkg/policy/evaluate.go:39.2,39.49 1 8
github.com/drs-protocol/drs-verify/pkg/policy/evaluate.go:39.49,40.47 1 1
github.com/drs-protocol/drs-verify/pkg/policy/evaluate.go:40.47,41.49 1 1
github.com/drs-protocol/drs-verify/pkg/policy/evaluate.go:41.49,43.5 1 1
github.com/drs-protocol/drs-verify/pkg/policy/evaluate.go:48.2,48.31 1 7
github.com/drs-protocol/drs-verify/pkg/policy/evaluate.go:48.31,49.38 1 4
github.com/drs-protocol/drs-verify/pkg/policy/evaluate.go:49.38,51.11 2 3
github.com/drs-protocol/drs-verify/pkg/policy/evaluate.go:51.11,53.5 1 0
github.com/drs-protocol/drs-verify/pkg/policy/evaluate.go:54.4,54.44 1 3
github.com/drs-protocol/drs-verify/pkg/policy/evaluate.go:54.44,57.5 1 1
github.com/drs-protocol/drs-verify/pkg/policy/evaluate.go:62.2,62.35 1 6
github.com/drs-protocol/drs-verify/pkg/policy/evaluate.go:62.35,63.45 1 0
github.com/drs-protocol/drs-verify/pkg/policy/evaluate.go:63.45,65.11 2 0
github.com/drs-protocol/drs-verify/pkg/policy/evaluate.go:65.11,67.5 1 0
github.com/drs-protocol/drs-verify/pkg/policy/evaluate.go:68.4,68.51 1 0
github.com/drs-protocol/drs-verify/pkg/policy/evaluate.go:68.51,71.5 1 0
github.com/drs-protocol/drs-verify/pkg/policy/evaluate.go:76.2,76.37 1 6
github.com/drs-protocol/drs-verify/pkg/policy/evaluate.go:76.37,77.45 1 0
github.com/drs-protocol/drs-verify/pkg/policy/evaluate.go:77.45,79.11 2 0
github.com/drs-protocol/drs-verify/pkg/policy/evaluate.go:79.11,81.5 1 0
github.com/drs-protocol/drs-verify/pkg/policy/evaluate.go:82.4,82.52 1 0
github.com/drs-protocol/drs-verify/pkg/policy/evaluate.go:82.52,85.5 1 0
github.com/drs-protocol/drs-verify/pkg/policy/evaluate.go:89.2,89.12 1 6
github.com/drs-protocol/drs-verify/pkg/policy/evaluate.go:95.57,97.57 1 10
github.com/drs-protocol/drs-verify/pkg/policy/evaluate.go:97.57,98.45 1 4
github.com/drs-protocol/drs-verify/pkg/policy/evaluate.go:98.45,101.4 1 1
github.com/drs-protocol/drs-verify/pkg/policy/evaluate.go:105.2,105.51 1 9
github.com/drs-protocol/drs-verify/pkg/policy/evaluate.go:105.51,106.49 1 2
github.com/drs-protocol/drs-verify/pkg/policy/evaluate.go:106.49,108.4 1 1
github.com/drs-protocol/drs-verify/pkg/policy/evaluate.go:112.2,112.55 1 8
github.com/drs-protocol/drs-verify/pkg/policy/evaluate.go:112.55,113.53 1 2
github.com/drs-protocol/drs-verify/pkg/policy/evaluate.go:113.53,115.4 1 1
github.com/drs-protocol/drs-verify/pkg/policy/evaluate.go:119.2,119.53 1 7
github.com/drs-protocol/drs-verify/pkg/policy/evaluate.go:119.53,120.41 1 2
github.com/drs-protocol/drs-verify/pkg/policy/evaluate.go:120.41,123.4 1 1
github.com/drs-protocol/drs-verify/pkg/policy/evaluate.go:127.2,127.65 1 6
github.com/drs-protocol/drs-verify/pkg/policy/evaluate.go:127.65,128.40 1 3
github.com/drs-protocol/drs-verify/pkg/policy/evaluate.go:128.40,129.44 1 3
github.com/drs-protocol/drs-verify/pkg/policy/evaluate.go:129.44,130.20 1 4
github.com/drs-protocol/drs-verify/pkg/policy/evaluate.go:130.20,132.6 1 0
github.com/drs-protocol/drs-verify/pkg/policy/evaluate.go:133.5,133.45 1 4
github.com/drs-protocol/drs-verify/pkg/policy/evaluate.go:133.45,135.6 1 1
github.com/drs-protocol/drs-verify/pkg/policy/evaluate.go:141.2,141.73 1 5
github.com/drs-protocol/drs-verify/pkg/policy/evaluate.go:141.73,142.44 1 0
github.com/drs-protocol/drs-verify/pkg/policy/evaluate.go:142.44,143.47 1 0
github.com/drs-protocol/drs-verify/pkg/policy/evaluate.go:143.47,144.19 1 0
github.com/drs-protocol/drs-verify/pkg/policy/evaluate.go:144.19,146.6 1 0
github.com/drs-protocol/drs-verify/pkg/policy/evaluate.go:147.5,147.48 1 0
github.com/drs-protocol/drs-verify/pkg/policy/evaluate.go:147.48,149.6 1 0
github.com/drs-protocol/drs-verify/pkg/policy/evaluate.go:155.2,155.77 1 5
github.com/drs-protocol/drs-verify/pkg/policy/evaluate.go:155.77,156.46 1 0
github.com/drs-protocol/drs-verify/pkg/policy/evaluate.go:156.46,157.49 1 0
github.com/drs-protocol/drs-verify/pkg/policy/evaluate.go:157.49,158.64 1 0
github.com/drs-protocol/drs-verify/pkg/policy/evaluate.go:158.64,160.6 1 0
github.com/drs-protocol/drs-verify/pkg/policy/evaluate.go:165.2,165.12 1 5
github.com/drs-protocol/drs-verify/pkg/policy/evaluate.go:168.54,169.28 1 3
github.com/drs-protocol/drs-verify/pkg/policy/evaluate.go:169.28,170.28 1 3
github.com/drs-protocol/drs-verify/pkg/policy/evaluate.go:170.28,172.4 1 2
github.com/drs-protocol/drs-verify/pkg/policy/evaluate.go:174.2,174.14 1 1
github.com/drs-protocol/drs-verify/pkg/policy/evaluate.go:177.58,178.29 1 0
github.com/drs-protocol/drs-verify/pkg/policy/evaluate.go:178.29,179.27 1 0
github.com/drs-protocol/drs-verify/pkg/policy/evaluate.go:179.27,181.4 1 0
github.com/drs-protocol/drs-verify/pkg/policy/evaluate.go:183.3,183.61 1 0
github.com/drs-protocol/drs-verify/pkg/policy/evaluate.go:183.61,185.62 2 0
github.com/drs-protocol/drs-verify/pkg/policy/evaluate.go:185.62,187.5 1 0
github.com/drs-protocol/drs-verify/pkg/policy/evaluate.go:190.2,190.14 1 0
github.com/drs-protocol/drs-verify/pkg/policy/evaluate.go:193.56,194.28 1 0
github.com/drs-protocol/drs-verify/pkg/policy/evaluate.go:194.28,195.29 1 0
github.com/drs-protocol/drs-verify/pkg/policy/evaluate.go:195.29,197.4 1 0
github.com/drs-protocol/drs-verify/pkg/policy/evaluate.go:199.2,199.14 1 0
github.com/drs-protocol/drs-verify/pkg/policy/evaluate.go:202.38,203.25 1 3
github.com/drs-protocol/drs-verify/pkg/policy/evaluate.go:203.25,204.15 1 5
github.com/drs-protocol/drs-verify/pkg/policy/evaluate.go:204.15,206.4 1 0
github.com/drs-protocol/drs-verify/pkg/policy/evaluate.go:208.2,208.14 1 3
github.com/drs-protocol/drs-verify/pkg/policy/evaluate.go:211.48,212.25 1 4
github.com/drs-protocol/drs-verify/pkg/policy/evaluate.go:212.25,213.16 1 4
github.com/drs-protocol/drs-verify/pkg/policy/evaluate.go:213.16,215.4 1 3
github.com/drs-protocol/drs-verify/pkg/policy/evaluate.go:217.2,217.14 1 1
github.com/drs-protocol/drs-verify/pkg/policy/evaluate.go:220.47,221.23 1 2
github.com/drs-protocol/drs-verify/pkg/policy/evaluate.go:222.15,223.17 1 2
github.com/drs-protocol/drs-verify/pkg/policy/evaluate.go:224.15,225.26 1 0
github.com/drs-protocol/drs-verify/pkg/policy/evaluate.go:226.11,227.26 1 0
github.com/drs-protocol/drs-verify/pkg/policy/evaluate.go:228.13,229.26 1 0
github.com/drs-protocol/drs-verify/pkg/policy/evaluate.go:230.10,231.18 1 0
github.com/drs-protocol/drs-verify/pkg/types/types.go:103.56,105.2 1 0
github.com/drs-protocol/drs-verify/pkg/types/types.go:108.67,113.2 1 0
github.com/drs-protocol/drs-verify/pkg/middleware/a2a.go:14.70,15.71 1 2
github.com/drs-protocol/drs-verify/pkg/middleware/a2a.go:15.71,17.25 2 2
github.com/drs-protocol/drs-verify/pkg/middleware/a2a.go:17.25,20.4 2 1
github.com/drs-protocol/drs-verify/pkg/middleware/a2a.go:22.3,23.17 2 1
github.com/drs-protocol/drs-verify/pkg/middleware/a2a.go:23.17,26.4 2 1
github.com/drs-protocol/drs-verify/pkg/middleware/a2a.go:28.3,29.20 2 0
github.com/drs-protocol/drs-verify/pkg/middleware/a2a.go:29.20,34.4 4 0
github.com/drs-protocol/drs-verify/pkg/middleware/a2a.go:37.3,38.40 2 0
github.com/drs-protocol/drs-verify/pkg/middleware/mcp.go:25.70,26.71 1 3
github.com/drs-protocol/drs-verify/pkg/middleware/mcp.go:26.71,28.25 2 3
github.com/drs-protocol/drs-verify/pkg/middleware/mcp.go:28.25,32.4 2 1
github.com/drs-protocol/drs-verify/pkg/middleware/mcp.go:34.3,35.17 2 2
github.com/drs-protocol/drs-verify/pkg/middleware/mcp.go:35.17,38.4 2 1
github.com/drs-protocol/drs-verify/pkg/middleware/mcp.go:40.3,41.20 2 1
github.com/drs-protocol/drs-verify/pkg/middleware/mcp.go:41.20,46.4 4 1
github.com/drs-protocol/drs-verify/pkg/middleware/mcp.go:48.3,49.40 2 0
github.com/drs-protocol/drs-verify/pkg/middleware/mcp.go:55.77,58.2 2 1
github.com/drs-protocol/drs-verify/pkg/middleware/mcp.go:61.98,63.2 1 0
github.com/drs-protocol/drs-verify/pkg/middleware/mcp.go:66.62,68.16 2 3
github.com/drs-protocol/drs-verify/pkg/middleware/mcp.go:68.16,70.3 1 2
github.com/drs-protocol/drs-verify/pkg/middleware/mcp.go:71.2,72.59 2 1
github.com/drs-protocol/drs-verify/pkg/middleware/mcp.go:72.59,74.3 1 0
github.com/drs-protocol/drs-verify/pkg/middleware/mcp.go:75.2,75.20 1 1
github.com/drs-protocol/drs-verify/pkg/types/types.go:103.56,105.2 1 0
github.com/drs-protocol/drs-verify/pkg/types/types.go:108.67,113.2 1 1
github.com/drs-protocol/drs-verify/pkg/resolver/did.go:53.63,55.16 2 3
github.com/drs-protocol/drs-verify/pkg/resolver/did.go:55.16,57.3 1 0
github.com/drs-protocol/drs-verify/pkg/resolver/did.go:58.2,62.8 1 3
github.com/drs-protocol/drs-verify/pkg/resolver/did.go:73.77,77.39 3 5
github.com/drs-protocol/drs-verify/pkg/resolver/did.go:77.39,78.38 1 2
github.com/drs-protocol/drs-verify/pkg/resolver/did.go:78.38,80.4 1 1
github.com/drs-protocol/drs-verify/pkg/resolver/did.go:82.3,82.22 1 1
github.com/drs-protocol/drs-verify/pkg/resolver/did.go:85.2,88.9 3 4
github.com/drs-protocol/drs-verify/pkg/resolver/did.go:89.44,90.32 1 3
github.com/drs-protocol/drs-verify/pkg/resolver/did.go:91.44,92.34 1 0
github.com/drs-protocol/drs-verify/pkg/resolver/did.go:93.10,95.60 2 1
github.com/drs-protocol/drs-verify/pkg/resolver/did.go:95.60,97.4 1 1
github.com/drs-protocol/drs-verify/pkg/resolver/did.go:98.3,98.89 1 1
github.com/drs-protocol/drs-verify/pkg/resolver/did.go:101.2,101.16 1 3
github.com/drs-protocol/drs-verify/pkg/resolver/did.go:101.16,103.3 1 0
github.com/drs-protocol/drs-verify/pkg/resolver/did.go:105.2,106.17 2 3
github.com/drs-protocol/drs-verify/pkg/resolver/did.go:110.69,113.43 2 7
github.com/drs-protocol/drs-verify/pkg/resolver/did.go:113.43,115.60 2 1
github.com/drs-protocol/drs-verify/pkg/resolver/did.go:115.60,117.4 1 1
github.com/drs-protocol/drs-verify/pkg/resolver/did.go:118.3,118.64 1 1
github.com/drs-protocol/drs-verify/pkg/resolver/did.go:121.2,125.16 3 6
github.com/drs-protocol/drs-verify/pkg/resolver/did.go:125.16,127.3 1 0
github.com/drs-protocol/drs-verify/pkg/resolver/did.go:129.2,129.32 1 6
github.com/drs-protocol/drs-verify/pkg/resolver/did.go:129.32,131.3 1 1
github.com/drs-protocol/drs-verify/pkg/resolver/did.go:135.2,135.100 1 5
github.com/drs-protocol/drs-verify/pkg/resolver/did.go:135.100,137.3 1 1
github.com/drs-protocol/drs-verify/pkg/resolver/did.go:139.2,141.17 3 4
github.com/drs-protocol/drs-verify/pkg/resolver/did.go:152.83,156.16 3 0
github.com/drs-protocol/drs-verify/pkg/resolver/did.go:156.16,158.3 1 0
github.com/drs-protocol/drs-verify/pkg/resolver/did.go:160.2,161.16 2 0
github.com/drs-protocol/drs-verify/pkg/resolver/did.go:161.16,163.3 1 0
github.com/drs-protocol/drs-verify/pkg/resolver/did.go:164.2,166.38 2 0
github.com/drs-protocol/drs-verify/pkg/resolver/did.go:166.38,168.3 1 0
github.com/drs-protocol/drs-verify/pkg/resolver/did.go:170.2,171.16 2 0
github.com/drs-protocol/drs-verify/pkg/resolver/did.go:171.16,173.3 1 0
github.com/drs-protocol/drs-verify/pkg/resolver/did.go:175.2,175.44 1 0
github.com/drs-protocol/drs-verify/pkg/resolver/did.go:179.52,185.18 4 4
github.com/drs-protocol/drs-verify/pkg/resolver/did.go:185.18,188.3 2 3
github.com/drs-protocol/drs-verify/pkg/resolver/did.go:188.8,191.3 2 1
github.com/drs-protocol/drs-verify/pkg/resolver/did.go:194.2,195.16 2 4
github.com/drs-protocol/drs-verify/pkg/resolver/did.go:195.16,197.3 1 0
github.com/drs-protocol/drs-verify/pkg/resolver/did.go:199.2,199.18 1 4
github.com/drs-protocol/drs-verify/pkg/resolver/did.go:199.18,201.3 1 1
github.com/drs-protocol/drs-verify/pkg/resolver/did.go:203.2,203.20 1 3
github.com/drs-protocol/drs-verify/pkg/resolver/did.go:203.20,205.3 1 2
github.com/drs-protocol/drs-verify/pkg/resolver/did.go:207.2,208.65 2 1
github.com/drs-protocol/drs-verify/pkg/resolver/did.go:236.90,239.55 3 4
github.com/drs-protocol/drs-verify/pkg/resolver/did.go:239.55,241.3 1 0
github.com/drs-protocol/drs-verify/pkg/resolver/did.go:243.2,243.44 1 4
github.com/drs-protocol/drs-verify/pkg/resolver/did.go:243.44,245.83 1 3
github.com/drs-protocol/drs-verify/pkg/resolver/did.go:245.83,247.18 2 2
github.com/drs-protocol/drs-verify/pkg/resolver/did.go:247.18,248.13 1 0
github.com/drs-protocol/drs-verify/pkg/resolver/did.go:250.4,250.34 1 2
github.com/drs-protocol/drs-verify/pkg/resolver/did.go:250.34,251.13 1 0
github.com/drs-protocol/drs-verify/pkg/resolver/did.go:254.4,254.102 1 2
github.com/drs-protocol/drs-verify/pkg/resolver/did.go:254.102,255.13 1 1
github.com/drs-protocol/drs-verify/pkg/resolver/did.go:257.4,259.19 3 1
github.com/drs-protocol/drs-verify/pkg/resolver/did.go:263.3,266.28 1 1
github.com/drs-protocol/drs-verify/pkg/resolver/did.go:266.28,268.60 2 1
github.com/drs-protocol/drs-verify/pkg/resolver/did.go:268.60,269.13 1 0
github.com/drs-protocol/drs-verify/pkg/resolver/did.go:271.4,273.19 3 1
github.com/drs-protocol/drs-verify/pkg/resolver/did.go:277.2,277.85 1 2
github.com/drs-protocol/drs-verify/pkg/resolver/did.go:282.45,287.24 3 8
github.com/drs-protocol/drs-verify/pkg/resolver/did.go:287.24,289.3 1 2048
github.com/drs-protocol/drs-verify/pkg/resolver/did.go:290.2,290.29 1 8
github.com/drs-protocol/drs-verify/pkg/resolver/did.go:290.29,292.3 1 464
github.com/drs-protocol/drs-verify/pkg/resolver/did.go:295.2,296.22 2 8
github.com/drs-protocol/drs-verify/pkg/resolver/did.go:296.22,298.16 2 334
github.com/drs-protocol/drs-verify/pkg/resolver/did.go:298.16,300.4 1 0
github.com/drs-protocol/drs-verify/pkg/resolver/did.go:301.3,301.41 1 334
github.com/drs-protocol/drs-verify/pkg/resolver/did.go:301.41,305.4 3 5546
github.com/drs-protocol/drs-verify/pkg/resolver/did.go:306.3,306.17 1 334
github.com/drs-protocol/drs-verify/pkg/resolver/did.go:306.17,309.4 2 243
github.com/drs-protocol/drs-verify/pkg/resolver/did.go:313.2,313.22 1 8
github.com/drs-protocol/drs-verify/pkg/resolver/did.go:313.22,314.15 1 8
github.com/drs-protocol/drs-verify/pkg/resolver/did.go:314.15,315.9 1 8
github.com/drs-protocol/drs-verify/pkg/resolver/did.go:317.3,317.40 1 0
github.com/drs-protocol/drs-verify/pkg/resolver/did.go:320.2,320.20 1 8
github.com/drs-protocol/drs-verify/pkg/revocation/admin_handler.go:40.81,41.71 1 8
github.com/drs-protocol/drs-verify/pkg/revocation/admin_handler.go:41.71,42.34 1 10
github.com/drs-protocol/drs-verify/pkg/revocation/admin_handler.go:42.34,45.4 2 3
github.com/drs-protocol/drs-verify/pkg/revocation/admin_handler.go:47.3,47.18 1 7
github.com/drs-protocol/drs-verify/pkg/revocation/admin_handler.go:47.18,51.4 2 1
github.com/drs-protocol/drs-verify/pkg/revocation/admin_handler.go:53.3,53.55 1 6
github.com/drs-protocol/drs-verify/pkg/revocation/admin_handler.go:53.55,56.4 2 2
github.com/drs-protocol/drs-verify/pkg/revocation/admin_handler.go:58.3,61.62 3 4
github.com/drs-protocol/drs-verify/pkg/revocation/admin_handler.go:61.62,64.4 2 2
github.com/drs-protocol/drs-verify/pkg/revocation/admin_handler.go:66.3,71.5 2 2
github.com/drs-protocol/drs-verify/pkg/revocation/admin_handler.go:77.66,80.53 3 7
github.com/drs-protocol/drs-verify/pkg/revocation/admin_handler.go:80.53,82.3 1 0
github.com/drs-protocol/drs-verify/pkg/revocation/local.go:20.54,24.2 1 13
github.com/drs-protocol/drs-verify/pkg/revocation/local.go:28.53,32.2 3 57
github.com/drs-protocol/drs-verify/pkg/revocation/local.go:35.61,40.2 4 105
github.com/drs-protocol/drs-verify/pkg/revocation/status.go:32.58,38.2 1 4
github.com/drs-protocol/drs-verify/pkg/revocation/status.go:43.71,47.19 2 6
github.com/drs-protocol/drs-verify/pkg/revocation/status.go:47.19,49.3 1 4
github.com/drs-protocol/drs-verify/pkg/revocation/status.go:50.2,50.20 1 6
github.com/drs-protocol/drs-verify/pkg/revocation/status.go:50.20,52.3 1 0
github.com/drs-protocol/drs-verify/pkg/revocation/status.go:55.2,59.13 4 6
github.com/drs-protocol/drs-verify/pkg/revocation/status.go:59.13,60.37 1 2
github.com/drs-protocol/drs-verify/pkg/revocation/status.go:60.37,64.4 1 0
github.com/drs-protocol/drs-verify/pkg/revocation/status.go:67.2,70.50 3 6
github.com/drs-protocol/drs-verify/pkg/revocation/status.go:75.36,79.2 3 1
github.com/drs-protocol/drs-verify/pkg/revocation/status.go:82.39,83.21 1 6
github.com/drs-protocol/drs-verify/pkg/revocation/status.go:83.21,90.3 5 1
github.com/drs-protocol/drs-verify/pkg/revocation/status.go:92.2,93.16 2 5
github.com/drs-protocol/drs-verify/pkg/revocation/status.go:93.16,95.3 1 0
github.com/drs-protocol/drs-verify/pkg/revocation/status.go:96.2,98.38 2 5
github.com/drs-protocol/drs-verify/pkg/revocation/status.go:98.38,100.3 1 0
github.com/drs-protocol/drs-verify/pkg/revocation/status.go:103.2,105.6 3 5
github.com/drs-protocol/drs-verify/pkg/revocation/status.go:105.6,107.12 2 5
github.com/drs-protocol/drs-verify/pkg/revocation/status.go:107.12,109.4 1 5
github.com/drs-protocol/drs-verify/pkg/revocation/status.go:110.3,110.21 1 5
github.com/drs-protocol/drs-verify/pkg/revocation/status.go:110.21,111.9 1 5
github.com/drs-protocol/drs-verify/pkg/revocation/status.go:115.2,120.12 5 5
github.com/drs-protocol/drs-verify/pkg/revocation/status.go:124.50,127.41 3 31
github.com/drs-protocol/drs-verify/pkg/revocation/status.go:127.41,129.3 1 2
github.com/drs-protocol/drs-verify/pkg/revocation/status.go:130.2,130.52 1 29
github.com/drs-protocol/drs-verify/pkg/store/filesystem.go:34.86,35.14 1 3
github.com/drs-protocol/drs-verify/pkg/store/filesystem.go:35.14,37.3 1 0
github.com/drs-protocol/drs-verify/pkg/store/filesystem.go:38.2,38.60 1 3
github.com/drs-protocol/drs-verify/pkg/store/filesystem.go:38.60,40.3 1 0
github.com/drs-protocol/drs-verify/pkg/store/filesystem.go:41.2,41.58 1 3
github.com/drs-protocol/drs-verify/pkg/store/filesystem.go:45.62,47.71 2 3
github.com/drs-protocol/drs-verify/pkg/store/filesystem.go:47.71,49.3 1 0
github.com/drs-protocol/drs-verify/pkg/store/filesystem.go:50.2,50.72 1 3
github.com/drs-protocol/drs-verify/pkg/store/filesystem.go:50.72,52.3 1 0
github.com/drs-protocol/drs-verify/pkg/store/filesystem.go:53.2,53.12 1 3
github.com/drs-protocol/drs-verify/pkg/store/filesystem.go:58.60,62.16 3 5
github.com/drs-protocol/drs-verify/pkg/store/filesystem.go:62.16,63.37 1 2
github.com/drs-protocol/drs-verify/pkg/store/filesystem.go:63.37,65.4 1 2
github.com/drs-protocol/drs-verify/pkg/store/filesystem.go:66.3,66.48 1 0
github.com/drs-protocol/drs-verify/pkg/store/filesystem.go:70.2,70.40 1 3
github.com/drs-protocol/drs-verify/pkg/store/filesystem.go:70.40,73.3 2 1
github.com/drs-protocol/drs-verify/pkg/store/filesystem.go:75.2,76.16 2 2
github.com/drs-protocol/drs-verify/pkg/store/filesystem.go:76.16,78.3 1 0
github.com/drs-protocol/drs-verify/pkg/store/filesystem.go:79.2,79.26 1 2
github.com/drs-protocol/drs-verify/pkg/store/filesystem.go:83.53,85.75 2 2
github.com/drs-protocol/drs-verify/pkg/store/filesystem.go:85.75,87.3 1 0
github.com/drs-protocol/drs-verify/pkg/store/filesystem.go:88.2,88.12 1 2
github.com/drs-protocol/drs-verify/pkg/store/filesystem.go:93.56,95.19 2 10
github.com/drs-protocol/drs-verify/pkg/store/filesystem.go:95.19,98.3 1 0
github.com/drs-protocol/drs-verify/pkg/store/filesystem.go:99.2,100.54 2 10
github.com/drs-protocol/drs-verify/pkg/store/memory.go:21.59,22.21 1 2
github.com/drs-protocol/drs-verify/pkg/store/memory.go:22.21,24.3 1 0
github.com/drs-protocol/drs-verify/pkg/store/memory.go:25.2,26.16 2 2
github.com/drs-protocol/drs-verify/pkg/store/memory.go:26.16,28.3 1 0
github.com/drs-protocol/drs-verify/pkg/store/memory.go:29.2,29.36 1 2
github.com/drs-protocol/drs-verify/pkg/store/memory.go:33.58,38.2 4 5
github.com/drs-protocol/drs-verify/pkg/store/memory.go:41.56,45.9 4 7
github.com/drs-protocol/drs-verify/pkg/store/memory.go:45.9,47.3 1 3
github.com/drs-protocol/drs-verify/pkg/store/memory.go:48.2,48.15 1 4
github.com/drs-protocol/drs-verify/pkg/store/memory.go:52.49,57.2 4 2
github.com/drs-protocol/drs-verify/pkg/types/types.go:103.56,105.2 1 2
github.com/drs-protocol/drs-verify/pkg/types/types.go:108.67,113.2 1 6
github.com/drs-protocol/drs-verify/pkg/verify/chain.go:45.74,48.31 1 8
github.com/drs-protocol/drs-verify/pkg/verify/chain.go:48.31,52.3 1 1
github.com/drs-protocol/drs-verify/pkg/verify/chain.go:53.2,53.29 1 7
github.com/drs-protocol/drs-verify/pkg/verify/chain.go:53.29,57.3 1 1
github.com/drs-protocol/drs-verify/pkg/verify/chain.go:61.2,62.38 2 6
github.com/drs-protocol/drs-verify/pkg/verify/chain.go:62.38,64.52 2 8
github.com/drs-protocol/drs-verify/pkg/verify/chain.go:64.52,68.4 1 0
github.com/drs-protocol/drs-verify/pkg/verify/chain.go:69.3,69.34 1 8
github.com/drs-protocol/drs-verify/pkg/verify/chain.go:74.2,75.73 2 6
github.com/drs-protocol/drs-verify/pkg/verify/chain.go:75.73,79.3 1 0
github.com/drs-protocol/drs-verify/pkg/verify/chain.go:84.2,84.29 1 6
github.com/drs-protocol/drs-verify/pkg/verify/chain.go:84.29,85.34 1 8
github.com/drs-protocol/drs-verify/pkg/verify/chain.go:85.34,89.4 1 0
github.com/drs-protocol/drs-verify/pkg/verify/chain.go:90.3,90.35 1 8
github.com/drs-protocol/drs-verify/pkg/verify/chain.go:90.35,94.4 1 0
github.com/drs-protocol/drs-verify/pkg/verify/chain.go:96.2,96.43 1 6
github.com/drs-protocol/drs-verify/pkg/verify/chain.go:96.43,100.3 1 0
github.com/drs-protocol/drs-verify/pkg/verify/chain.go:101.2,101.43 1 6
github.com/drs-protocol/drs-verify/pkg/verify/chain.go:101.43,105.3 1 0
github.com/drs-protocol/drs-verify/pkg/verify/chain.go:108.2,108.29 1 6
github.com/drs-protocol/drs-verify/pkg/verify/chain.go:108.29,109.39 1 8
github.com/drs-protocol/drs-verify/pkg/verify/chain.go:109.39,113.4 1 0
github.com/drs-protocol/drs-verify/pkg/verify/chain.go:115.2,115.48 1 6
github.com/drs-protocol/drs-verify/pkg/verify/chain.go:115.48,119.3 1 0
github.com/drs-protocol/drs-verify/pkg/verify/chain.go:122.2,122.35 1 6
github.com/drs-protocol/drs-verify/pkg/verify/chain.go:122.35,126.3 1 0
github.com/drs-protocol/drs-verify/pkg/verify/chain.go:127.2,127.108 1 6
github.com/drs-protocol/drs-verify/pkg/verify/chain.go:127.108,131.3 1 0
github.com/drs-protocol/drs-verify/pkg/verify/chain.go:134.2,134.44 1 6
github.com/drs-protocol/drs-verify/pkg/verify/chain.go:134.44,136.36 2 2
github.com/drs-protocol/drs-verify/pkg/verify/chain.go:136.36,140.4 1 0
github.com/drs-protocol/drs-verify/pkg/verify/chain.go:141.3,141.42 1 2
github.com/drs-protocol/drs-verify/pkg/verify/chain.go:141.42,145.4 1 1
github.com/drs-protocol/drs-verify/pkg/verify/chain.go:149.2,149.37 1 5
github.com/drs-protocol/drs-verify/pkg/verify/chain.go:149.37,150.43 1 1
github.com/drs-protocol/drs-verify/pkg/verify/chain.go:150.43,154.4 1 0
github.com/drs-protocol/drs-verify/pkg/verify/chain.go:158.2,159.32 2 5
github.com/drs-protocol/drs-verify/pkg/verify/chain.go:159.32,163.3 1 0
github.com/drs-protocol/drs-verify/pkg/verify/chain.go:166.2,166.53 1 5
github.com/drs-protocol/drs-verify/pkg/verify/chain.go:166.53,171.3 1 0
github.com/drs-protocol/drs-verify/pkg/verify/chain.go:172.2,172.38 1 5
github.com/drs-protocol/drs-verify/pkg/verify/chain.go:172.38,174.40 2 6
github.com/drs-protocol/drs-verify/pkg/verify/chain.go:174.40,178.4 1 0
github.com/drs-protocol/drs-verify/pkg/verify/chain.go:183.2,183.38 1 5
github.com/drs-protocol/drs-verify/pkg/verify/chain.go:183.38,184.81 1 6
github.com/drs-protocol/drs-verify/pkg/verify/chain.go:184.81,189.4 2 1
github.com/drs-protocol/drs-verify/pkg/verify/chain.go:191.2,191.93 1 4
github.com/drs-protocol/drs-verify/pkg/verify/chain.go:191.93,193.34 2 0
github.com/drs-protocol/drs-verify/pkg/verify/chain.go:193.34,195.4 1 0
github.com/drs-protocol/drs-verify/pkg/verify/chain.go:196.3,198.15 1 0
github.com/drs-protocol/drs-verify/pkg/verify/chain.go:204.2,205.37 2 4
github.com/drs-protocol/drs-verify/pkg/verify/chain.go:205.37,206.46 1 1
github.com/drs-protocol/drs-verify/pkg/verify/chain.go:206.46,210.4 1 0
github.com/drs-protocol/drs-verify/pkg/verify/chain.go:212.2,212.44 1 4
github.com/drs-protocol/drs-verify/pkg/verify/chain.go:212.44,216.3 1 0
github.com/drs-protocol/drs-verify/pkg/verify/chain.go:219.2,220.37 2 4
github.com/drs-protocol/drs-verify/pkg/verify/chain.go:220.37,221.33 1 1
github.com/drs-protocol/drs-verify/pkg/verify/chain.go:221.33,225.4 1 0
github.com/drs-protocol/drs-verify/pkg/verify/chain.go:229.2,229.37 1 4
github.com/drs-protocol/drs-verify/pkg/verify/chain.go:229.37,230.91 1 1
github.com/drs-protocol/drs-verify/pkg/verify/chain.go:230.91,234.4 1 0
github.com/drs-protocol/drs-verify/pkg/verify/chain.go:236.3,236.42 1 1
github.com/drs-protocol/drs-verify/pkg/verify/chain.go:236.42,241.4 1 0
github.com/drs-protocol/drs-verify/pkg/verify/chain.go:243.3,243.57 1 1
github.com/drs-protocol/drs-verify/pkg/verify/chain.go:243.57,244.45 1 1
github.com/drs-protocol/drs-verify/pkg/verify/chain.go:244.45,249.5 1 0
github.com/drs-protocol/drs-verify/pkg/verify/chain.go:254.2,254.29 1 4
github.com/drs-protocol/drs-verify/pkg/verify/chain.go:254.29,255.68 1 5
github.com/drs-protocol/drs-verify/pkg/verify/chain.go:255.68,259.4 1 0
github.com/drs-protocol/drs-verify/pkg/verify/chain.go:264.2,265.29 2 4
github.com/drs-protocol/drs-verify/pkg/verify/chain.go:265.29,266.18 1 5
github.com/drs-protocol/drs-verify/pkg/verify/chain.go:266.18,270.4 1 0
github.com/drs-protocol/drs-verify/pkg/verify/chain.go:272.3,272.35 1 5
github.com/drs-protocol/drs-verify/pkg/verify/chain.go:272.35,276.4 1 1
github.com/drs-protocol/drs-verify/pkg/verify/chain.go:284.2,284.28 1 3
github.com/drs-protocol/drs-verify/pkg/verify/chain.go:284.28,285.30 1 0
github.com/drs-protocol/drs-verify/pkg/verify/chain.go:285.30,286.35 1 0
github.com/drs-protocol/drs-verify/pkg/verify/chain.go:286.35,288.19 2 0
github.com/drs-protocol/drs-verify/pkg/verify/chain.go:288.19,292.6 1 0
github.com/drs-protocol/drs-verify/pkg/verify/chain.go:293.5,293.16 1 0
github.com/drs-protocol/drs-verify/pkg/verify/chain.go:293.16,297.6 1 0
github.com/drs-protocol/drs-verify/pkg/verify/chain.go:302.2,302.33 1 3
github.com/drs-protocol/drs-verify/pkg/verify/chain.go:302.33,303.30 1 1
github.com/drs-protocol/drs-verify/pkg/verify/chain.go:303.30,304.92 1 1
github.com/drs-protocol/drs-verify/pkg/verify/chain.go:304.92,308.5 1 1
github.com/drs-protocol/drs-verify/pkg/verify/chain.go:314.2,316.28 3 2
github.com/drs-protocol/drs-verify/pkg/verify/chain.go:316.28,319.3 2 0
github.com/drs-protocol/drs-verify/pkg/verify/chain.go:321.2,329.4 1 2
github.com/drs-protocol/drs-verify/pkg/verify/chain.go:333.42,336.2 2 16
github.com/drs-protocol/drs-verify/pkg/verify/chain.go:339.58,341.21 2 14
github.com/drs-protocol/drs-verify/pkg/verify/chain.go:341.21,343.3 1 0
github.com/drs-protocol/drs-verify/pkg/verify/chain.go:344.2,345.16 2 14
github.com/drs-protocol/drs-verify/pkg/verify/chain.go:345.16,347.3 1 0
github.com/drs-protocol/drs-verify/pkg/verify/chain.go:348.2,348.58 1 14
github.com/drs-protocol/drs-verify/pkg/verify/chain.go:348.58,350.3 1 0
github.com/drs-protocol/drs-verify/pkg/verify/chain.go:351.2,351.12 1 14
github.com/drs-protocol/drs-verify/pkg/verify/chain.go:356.85,358.16 2 10
github.com/drs-protocol/drs-verify/pkg/verify/chain.go:358.16,360.3 1 0
github.com/drs-protocol/drs-verify/pkg/verify/chain.go:362.2,363.21 2 10
github.com/drs-protocol/drs-verify/pkg/verify/chain.go:363.21,365.3 1 0
github.com/drs-protocol/drs-verify/pkg/verify/chain.go:367.2,369.16 3 10
github.com/drs-protocol/drs-verify/pkg/verify/chain.go:369.16,371.3 1 0
github.com/drs-protocol/drs-verify/pkg/verify/chain.go:373.2,374.61 2 10
github.com/drs-protocol/drs-verify/pkg/verify/chain.go:374.61,376.3 1 1
github.com/drs-protocol/drs-verify/pkg/verify/chain.go:377.2,377.12 1 9
github.com/drs-protocol/drs-verify/pkg/verify/chain.go:382.66,388.49 2 1
github.com/drs-protocol/drs-verify/pkg/verify/chain.go:388.49,391.3 1 0
github.com/drs-protocol/drs-verify/pkg/verify/chain.go:392.2,393.73 1 1
github.com/drs-protocol/drs-verify/pkg/verify/chain.go:397.45,398.20 1 9
github.com/drs-protocol/drs-verify/pkg/verify/chain.go:398.20,400.3 1 6
github.com/drs-protocol/drs-verify/pkg/verify/chain.go:401.2,401.37 1 3
github.com/drs-protocol/drs-verify/pkg/verify/chain.go:401.37,404.3 2 2
github.com/drs-protocol/drs-verify/pkg/verify/chain.go:405.2,405.14 1 1
